

Started GET "/" for 127.0.0.1 at 2013-08-15 15:17:31 +0800
Processing by Rails::WelcomeController#index as HTML
  Rendered /home/k/.rubies/2.0.0-p0/lib/ruby/gems/2.0.0/gems/railties-4.0.0/lib/rails/templates/rails/welcome/index.html.erb (16.2ms)
Completed 200 OK in 94ms (Views: 92.0ms | ActiveRecord: 0.0ms)


Started GET "/static_pages/home" for 127.0.0.1 at 2013-08-15 15:17:43 +0800
Processing by StaticPagesController#home as HTML
  Rendered static_pages/home.html.erb within layouts/application (1.1ms)
Completed 200 OK in 5150ms (Views: 5147.1ms | ActiveRecord: 0.0ms)


Started GET "/assets/static_pages.js?body=1" for 127.0.0.1 at 2013-08-15 15:17:50 +0800


Started GET "/assets/jquery.js?body=1" for 127.0.0.1 at 2013-08-15 15:17:50 +0800


Started GET "/assets/application.css?body=1" for 127.0.0.1 at 2013-08-15 15:17:50 +0800


Started GET "/assets/turbolinks.js?body=1" for 127.0.0.1 at 2013-08-15 15:17:50 +0800


Started GET "/assets/jquery_ujs.js?body=1" for 127.0.0.1 at 2013-08-15 15:17:50 +0800


Started GET "/assets/application.js?body=1" for 127.0.0.1 at 2013-08-15 15:17:50 +0800


Started GET "/assets/static_pages.css?body=1" for 127.0.0.1 at 2013-08-15 15:17:50 +0800


Started GET "/" for 127.0.0.1 at 2013-08-15 15:21:20 +0800
Processing by StaticPagesController#home as HTML
  Rendered static_pages/home.html.erb within layouts/application (0.4ms)
Completed 200 OK in 450ms (Views: 446.5ms | ActiveRecord: 0.0ms)


Started GET "/assets/static_pages.js?body=1" for 127.0.0.1 at 2013-08-15 15:21:24 +0800


Started GET "/assets/turbolinks.js?body=1" for 127.0.0.1 at 2013-08-15 15:21:24 +0800


Started GET "/assets/static_pages.css?body=1" for 127.0.0.1 at 2013-08-15 15:21:24 +0800


Started GET "/assets/jquery_ujs.js?body=1" for 127.0.0.1 at 2013-08-15 15:21:24 +0800


Started GET "/assets/application.js?body=1" for 127.0.0.1 at 2013-08-15 15:21:24 +0800


Started GET "/assets/jquery.js?body=1" for 127.0.0.1 at 2013-08-15 15:21:24 +0800


Started GET "/assets/application.css?body=1" for 127.0.0.1 at 2013-08-15 15:21:24 +0800


Started GET "/" for 127.0.0.1 at 2013-08-15 15:35:50 +0800

ArgumentError (missing :controller):
  config/routes.rb:2:in `block in <top (required)>'
  config/routes.rb:1:in `<top (required)>'


  Rendered /home/k/.rubies/2.0.0-p0/lib/ruby/gems/2.0.0/gems/actionpack-4.0.0/lib/action_dispatch/middleware/templates/rescues/_source.erb (2.1ms)
  Rendered /home/k/.rubies/2.0.0-p0/lib/ruby/gems/2.0.0/gems/actionpack-4.0.0/lib/action_dispatch/middleware/templates/rescues/_trace.erb (3.6ms)
  Rendered /home/k/.rubies/2.0.0-p0/lib/ruby/gems/2.0.0/gems/actionpack-4.0.0/lib/action_dispatch/middleware/templates/rescues/_request_and_response.erb (3.1ms)
  Rendered /home/k/.rubies/2.0.0-p0/lib/ruby/gems/2.0.0/gems/actionpack-4.0.0/lib/action_dispatch/middleware/templates/rescues/diagnostics.erb within rescues/layout (71.7ms)


Started GET "/" for 127.0.0.1 at 2013-08-15 15:36:06 +0800
Processing by Rails::WelcomeController#index as HTML
  Rendered /home/k/.rubies/2.0.0-p0/lib/ruby/gems/2.0.0/gems/railties-4.0.0/lib/rails/templates/rails/welcome/index.html.erb (0.2ms)
Completed 200 OK in 46ms (Views: 44.0ms | ActiveRecord: 0.0ms)


Started GET "/static_pages/home" for 127.0.0.1 at 2013-08-15 15:36:13 +0800
Processing by StaticPagesController#home as HTML
  Rendered static_pages/home.html.erb within layouts/application (0.2ms)
Completed 200 OK in 19ms (Views: 16.6ms | ActiveRecord: 0.0ms)


Started GET "/assets/static_pages.css?body=1" for 127.0.0.1 at 2013-08-15 15:36:13 +0800


Started GET "/assets/application.css?body=1" for 127.0.0.1 at 2013-08-15 15:36:13 +0800


Started GET "/assets/jquery.js?body=1" for 127.0.0.1 at 2013-08-15 15:36:13 +0800


Started GET "/assets/jquery_ujs.js?body=1" for 127.0.0.1 at 2013-08-15 15:36:13 +0800


Started GET "/assets/turbolinks.js?body=1" for 127.0.0.1 at 2013-08-15 15:36:13 +0800


Started GET "/assets/static_pages.js?body=1" for 127.0.0.1 at 2013-08-15 15:36:13 +0800


Started GET "/assets/application.js?body=1" for 127.0.0.1 at 2013-08-15 15:36:13 +0800


Started GET "/static_pages/home" for 127.0.0.1 at 2013-08-15 15:50:46 +0800
Processing by StaticPagesController#home as HTML
  Rendered static_pages/home.html.erb within layouts/application (0.1ms)
Completed 200 OK in 16ms (Views: 15.0ms | ActiveRecord: 0.0ms)


Started GET "/assets/static_pages.css?body=1" for 127.0.0.1 at 2013-08-15 15:50:46 +0800


Started GET "/assets/application.css?body=1" for 127.0.0.1 at 2013-08-15 15:50:46 +0800


Started GET "/assets/jquery.js?body=1" for 127.0.0.1 at 2013-08-15 15:50:46 +0800


Started GET "/assets/application.js?body=1" for 127.0.0.1 at 2013-08-15 15:50:46 +0800


Started GET "/assets/jquery_ujs.js?body=1" for 127.0.0.1 at 2013-08-15 15:50:46 +0800


Started GET "/assets/turbolinks.js?body=1" for 127.0.0.1 at 2013-08-15 15:50:46 +0800


Started GET "/assets/static_pages.js?body=1" for 127.0.0.1 at 2013-08-15 15:50:46 +0800


Started GET "/static_pages/home" for 127.0.0.1 at 2013-08-15 15:52:02 +0800
Processing by StaticPagesController#home as HTML
  Rendered static_pages/home.html.erb within layouts/application (1.2ms)
Completed 200 OK in 16ms (Views: 14.2ms | ActiveRecord: 0.0ms)


Started GET "/assets/static_pages.css?body=1" for 127.0.0.1 at 2013-08-15 15:52:02 +0800


Started GET "/assets/jquery.js?body=1" for 127.0.0.1 at 2013-08-15 15:52:02 +0800


Started GET "/assets/jquery_ujs.js?body=1" for 127.0.0.1 at 2013-08-15 15:52:02 +0800


Started GET "/assets/turbolinks.js?body=1" for 127.0.0.1 at 2013-08-15 15:52:02 +0800


Started GET "/assets/application.css?body=1" for 127.0.0.1 at 2013-08-15 15:52:02 +0800


Started GET "/assets/application.js?body=1" for 127.0.0.1 at 2013-08-15 15:52:02 +0800


Started GET "/assets/static_pages.js?body=1" for 127.0.0.1 at 2013-08-15 15:52:02 +0800


Started GET "/static_pages/about" for 127.0.0.1 at 2013-08-15 16:07:29 +0800
Processing by StaticPagesController#about as HTML
Completed 500 Internal Server Error in 6ms

ActionView::MissingTemplate (Missing template static_pages/about, application/about with {:locale=>[:en], :formats=>[:html], :handlers=>[:erb, :builder, :raw, :ruby, :jbuilder, :coffee]}. Searched in:
  * "/home/k/klsh/klsh.ru/app/views"
):
  actionpack (4.0.0) lib/action_view/path_set.rb:46:in `find'
  actionpack (4.0.0) lib/action_view/lookup_context.rb:115:in `find'
  actionpack (4.0.0) lib/action_view/renderer/abstract_renderer.rb:18:in `find_template'
  actionpack (4.0.0) lib/action_view/renderer/template_renderer.rb:35:in `determine_template'
  actionpack (4.0.0) lib/action_view/renderer/template_renderer.rb:8:in `render'
  actionpack (4.0.0) lib/action_view/renderer/renderer.rb:42:in `render_template'
  actionpack (4.0.0) lib/action_view/renderer/renderer.rb:23:in `render'
  actionpack (4.0.0) lib/abstract_controller/rendering.rb:127:in `_render_template'
  actionpack (4.0.0) lib/action_controller/metal/streaming.rb:219:in `_render_template'
  actionpack (4.0.0) lib/abstract_controller/rendering.rb:120:in `render_to_body'
  actionpack (4.0.0) lib/action_controller/metal/rendering.rb:33:in `render_to_body'
  actionpack (4.0.0) lib/action_controller/metal/renderers.rb:26:in `render_to_body'
  actionpack (4.0.0) lib/abstract_controller/rendering.rb:97:in `render'
  actionpack (4.0.0) lib/action_controller/metal/rendering.rb:16:in `render'
  actionpack (4.0.0) lib/action_controller/metal/instrumentation.rb:41:in `block (2 levels) in render'
  activesupport (4.0.0) lib/active_support/core_ext/benchmark.rb:12:in `block in ms'
  /home/k/.rubies/2.0.0-p0/lib/ruby/2.0.0/benchmark.rb:296:in `realtime'
  activesupport (4.0.0) lib/active_support/core_ext/benchmark.rb:12:in `ms'
  actionpack (4.0.0) lib/action_controller/metal/instrumentation.rb:41:in `block in render'
  actionpack (4.0.0) lib/action_controller/metal/instrumentation.rb:84:in `cleanup_view_runtime'
  activerecord (4.0.0) lib/active_record/railties/controller_runtime.rb:25:in `cleanup_view_runtime'
  actionpack (4.0.0) lib/action_controller/metal/instrumentation.rb:40:in `render'
  actionpack (4.0.0) lib/action_controller/metal/implicit_render.rb:10:in `default_render'
  actionpack (4.0.0) lib/action_controller/metal/implicit_render.rb:5:in `send_action'
  actionpack (4.0.0) lib/abstract_controller/base.rb:189:in `process_action'
  actionpack (4.0.0) lib/action_controller/metal/rendering.rb:10:in `process_action'
  actionpack (4.0.0) lib/abstract_controller/callbacks.rb:18:in `block in process_action'
  activesupport (4.0.0) lib/active_support/callbacks.rb:403:in `_run__809949530__process_action__callbacks'
  activesupport (4.0.0) lib/active_support/callbacks.rb:80:in `run_callbacks'
  actionpack (4.0.0) lib/abstract_controller/callbacks.rb:17:in `process_action'
  actionpack (4.0.0) lib/action_controller/metal/rescue.rb:29:in `process_action'
  actionpack (4.0.0) lib/action_controller/metal/instrumentation.rb:31:in `block in process_action'
  activesupport (4.0.0) lib/active_support/notifications.rb:159:in `block in instrument'
  activesupport (4.0.0) lib/active_support/notifications/instrumenter.rb:20:in `instrument'
  activesupport (4.0.0) lib/active_support/notifications.rb:159:in `instrument'
  actionpack (4.0.0) lib/action_controller/metal/instrumentation.rb:30:in `process_action'
  actionpack (4.0.0) lib/action_controller/metal/params_wrapper.rb:245:in `process_action'
  activerecord (4.0.0) lib/active_record/railties/controller_runtime.rb:18:in `process_action'
  actionpack (4.0.0) lib/abstract_controller/base.rb:136:in `process'
  actionpack (4.0.0) lib/abstract_controller/rendering.rb:44:in `process'
  actionpack (4.0.0) lib/action_controller/metal.rb:195:in `dispatch'
  actionpack (4.0.0) lib/action_controller/metal/rack_delegation.rb:13:in `dispatch'
  actionpack (4.0.0) lib/action_controller/metal.rb:231:in `block in action'
  actionpack (4.0.0) lib/action_dispatch/routing/route_set.rb:80:in `call'
  actionpack (4.0.0) lib/action_dispatch/routing/route_set.rb:80:in `dispatch'
  actionpack (4.0.0) lib/action_dispatch/routing/route_set.rb:48:in `call'
  actionpack (4.0.0) lib/action_dispatch/journey/router.rb:71:in `block in call'
  actionpack (4.0.0) lib/action_dispatch/journey/router.rb:59:in `each'
  actionpack (4.0.0) lib/action_dispatch/journey/router.rb:59:in `call'
  actionpack (4.0.0) lib/action_dispatch/routing/route_set.rb:655:in `call'
  rack (1.5.2) lib/rack/etag.rb:23:in `call'
  rack (1.5.2) lib/rack/conditionalget.rb:25:in `call'
  rack (1.5.2) lib/rack/head.rb:11:in `call'
  actionpack (4.0.0) lib/action_dispatch/middleware/params_parser.rb:27:in `call'
  actionpack (4.0.0) lib/action_dispatch/middleware/flash.rb:241:in `call'
  rack (1.5.2) lib/rack/session/abstract/id.rb:225:in `context'
  rack (1.5.2) lib/rack/session/abstract/id.rb:220:in `call'
  actionpack (4.0.0) lib/action_dispatch/middleware/cookies.rb:486:in `call'
  activerecord (4.0.0) lib/active_record/query_cache.rb:36:in `call'
  activerecord (4.0.0) lib/active_record/connection_adapters/abstract/connection_pool.rb:626:in `call'
  activerecord (4.0.0) lib/active_record/migration.rb:369:in `call'
  actionpack (4.0.0) lib/action_dispatch/middleware/callbacks.rb:29:in `block in call'
  activesupport (4.0.0) lib/active_support/callbacks.rb:373:in `_run__121159373__call__callbacks'
  activesupport (4.0.0) lib/active_support/callbacks.rb:80:in `run_callbacks'
  actionpack (4.0.0) lib/action_dispatch/middleware/callbacks.rb:27:in `call'
  actionpack (4.0.0) lib/action_dispatch/middleware/reloader.rb:64:in `call'
  actionpack (4.0.0) lib/action_dispatch/middleware/remote_ip.rb:76:in `call'
  actionpack (4.0.0) lib/action_dispatch/middleware/debug_exceptions.rb:17:in `call'
  actionpack (4.0.0) lib/action_dispatch/middleware/show_exceptions.rb:30:in `call'
  railties (4.0.0) lib/rails/rack/logger.rb:38:in `call_app'
  railties (4.0.0) lib/rails/rack/logger.rb:21:in `block in call'
  activesupport (4.0.0) lib/active_support/tagged_logging.rb:67:in `block in tagged'
  activesupport (4.0.0) lib/active_support/tagged_logging.rb:25:in `tagged'
  activesupport (4.0.0) lib/active_support/tagged_logging.rb:67:in `tagged'
  railties (4.0.0) lib/rails/rack/logger.rb:21:in `call'
  actionpack (4.0.0) lib/action_dispatch/middleware/request_id.rb:21:in `call'
  rack (1.5.2) lib/rack/methodoverride.rb:21:in `call'
  rack (1.5.2) lib/rack/runtime.rb:17:in `call'
  activesupport (4.0.0) lib/active_support/cache/strategy/local_cache.rb:83:in `call'
  rack (1.5.2) lib/rack/lock.rb:17:in `call'
  actionpack (4.0.0) lib/action_dispatch/middleware/static.rb:64:in `call'
  railties (4.0.0) lib/rails/engine.rb:511:in `call'
  railties (4.0.0) lib/rails/application.rb:97:in `call'
  rack (1.5.2) lib/rack/lock.rb:17:in `call'
  rack (1.5.2) lib/rack/content_length.rb:14:in `call'
  rack (1.5.2) lib/rack/handler/webrick.rb:60:in `service'
  /home/k/.rubies/2.0.0-p0/lib/ruby/2.0.0/webrick/httpserver.rb:138:in `service'
  /home/k/.rubies/2.0.0-p0/lib/ruby/2.0.0/webrick/httpserver.rb:94:in `run'
  /home/k/.rubies/2.0.0-p0/lib/ruby/2.0.0/webrick/server.rb:295:in `block in start_thread'


  Rendered /home/k/.rubies/2.0.0-p0/lib/ruby/gems/2.0.0/gems/actionpack-4.0.0/lib/action_dispatch/middleware/templates/rescues/missing_template.erb within rescues/layout (4.9ms)


Started GET "/static_pages/about" for 127.0.0.1 at 2013-08-15 16:07:40 +0800
Processing by StaticPagesController#about as HTML
Completed 500 Internal Server Error in 5ms

ActionView::MissingTemplate (Missing template static_pages/about, application/about with {:locale=>[:en], :formats=>[:html], :handlers=>[:erb, :builder, :raw, :ruby, :jbuilder, :coffee]}. Searched in:
  * "/home/k/klsh/klsh.ru/app/views"
):
  actionpack (4.0.0) lib/action_view/path_set.rb:46:in `find'
  actionpack (4.0.0) lib/action_view/lookup_context.rb:115:in `find'
  actionpack (4.0.0) lib/action_view/renderer/abstract_renderer.rb:18:in `find_template'
  actionpack (4.0.0) lib/action_view/renderer/template_renderer.rb:35:in `determine_template'
  actionpack (4.0.0) lib/action_view/renderer/template_renderer.rb:8:in `render'
  actionpack (4.0.0) lib/action_view/renderer/renderer.rb:42:in `render_template'
  actionpack (4.0.0) lib/action_view/renderer/renderer.rb:23:in `render'
  actionpack (4.0.0) lib/abstract_controller/rendering.rb:127:in `_render_template'
  actionpack (4.0.0) lib/action_controller/metal/streaming.rb:219:in `_render_template'
  actionpack (4.0.0) lib/abstract_controller/rendering.rb:120:in `render_to_body'
  actionpack (4.0.0) lib/action_controller/metal/rendering.rb:33:in `render_to_body'
  actionpack (4.0.0) lib/action_controller/metal/renderers.rb:26:in `render_to_body'
  actionpack (4.0.0) lib/abstract_controller/rendering.rb:97:in `render'
  actionpack (4.0.0) lib/action_controller/metal/rendering.rb:16:in `render'
  actionpack (4.0.0) lib/action_controller/metal/instrumentation.rb:41:in `block (2 levels) in render'
  activesupport (4.0.0) lib/active_support/core_ext/benchmark.rb:12:in `block in ms'
  /home/k/.rubies/2.0.0-p0/lib/ruby/2.0.0/benchmark.rb:296:in `realtime'
  activesupport (4.0.0) lib/active_support/core_ext/benchmark.rb:12:in `ms'
  actionpack (4.0.0) lib/action_controller/metal/instrumentation.rb:41:in `block in render'
  actionpack (4.0.0) lib/action_controller/metal/instrumentation.rb:84:in `cleanup_view_runtime'
  activerecord (4.0.0) lib/active_record/railties/controller_runtime.rb:25:in `cleanup_view_runtime'
  actionpack (4.0.0) lib/action_controller/metal/instrumentation.rb:40:in `render'
  actionpack (4.0.0) lib/action_controller/metal/implicit_render.rb:10:in `default_render'
  actionpack (4.0.0) lib/action_controller/metal/implicit_render.rb:5:in `send_action'
  actionpack (4.0.0) lib/abstract_controller/base.rb:189:in `process_action'
  actionpack (4.0.0) lib/action_controller/metal/rendering.rb:10:in `process_action'
  actionpack (4.0.0) lib/abstract_controller/callbacks.rb:18:in `block in process_action'
  activesupport (4.0.0) lib/active_support/callbacks.rb:403:in `_run__809949530__process_action__callbacks'
  activesupport (4.0.0) lib/active_support/callbacks.rb:80:in `run_callbacks'
  actionpack (4.0.0) lib/abstract_controller/callbacks.rb:17:in `process_action'
  actionpack (4.0.0) lib/action_controller/metal/rescue.rb:29:in `process_action'
  actionpack (4.0.0) lib/action_controller/metal/instrumentation.rb:31:in `block in process_action'
  activesupport (4.0.0) lib/active_support/notifications.rb:159:in `block in instrument'
  activesupport (4.0.0) lib/active_support/notifications/instrumenter.rb:20:in `instrument'
  activesupport (4.0.0) lib/active_support/notifications.rb:159:in `instrument'
  actionpack (4.0.0) lib/action_controller/metal/instrumentation.rb:30:in `process_action'
  actionpack (4.0.0) lib/action_controller/metal/params_wrapper.rb:245:in `process_action'
  activerecord (4.0.0) lib/active_record/railties/controller_runtime.rb:18:in `process_action'
  actionpack (4.0.0) lib/abstract_controller/base.rb:136:in `process'
  actionpack (4.0.0) lib/abstract_controller/rendering.rb:44:in `process'
  actionpack (4.0.0) lib/action_controller/metal.rb:195:in `dispatch'
  actionpack (4.0.0) lib/action_controller/metal/rack_delegation.rb:13:in `dispatch'
  actionpack (4.0.0) lib/action_controller/metal.rb:231:in `block in action'
  actionpack (4.0.0) lib/action_dispatch/routing/route_set.rb:80:in `call'
  actionpack (4.0.0) lib/action_dispatch/routing/route_set.rb:80:in `dispatch'
  actionpack (4.0.0) lib/action_dispatch/routing/route_set.rb:48:in `call'
  actionpack (4.0.0) lib/action_dispatch/journey/router.rb:71:in `block in call'
  actionpack (4.0.0) lib/action_dispatch/journey/router.rb:59:in `each'
  actionpack (4.0.0) lib/action_dispatch/journey/router.rb:59:in `call'
  actionpack (4.0.0) lib/action_dispatch/routing/route_set.rb:655:in `call'
  rack (1.5.2) lib/rack/etag.rb:23:in `call'
  rack (1.5.2) lib/rack/conditionalget.rb:25:in `call'
  rack (1.5.2) lib/rack/head.rb:11:in `call'
  actionpack (4.0.0) lib/action_dispatch/middleware/params_parser.rb:27:in `call'
  actionpack (4.0.0) lib/action_dispatch/middleware/flash.rb:241:in `call'
  rack (1.5.2) lib/rack/session/abstract/id.rb:225:in `context'
  rack (1.5.2) lib/rack/session/abstract/id.rb:220:in `call'
  actionpack (4.0.0) lib/action_dispatch/middleware/cookies.rb:486:in `call'
  activerecord (4.0.0) lib/active_record/query_cache.rb:36:in `call'
  activerecord (4.0.0) lib/active_record/connection_adapters/abstract/connection_pool.rb:626:in `call'
  activerecord (4.0.0) lib/active_record/migration.rb:369:in `call'
  actionpack (4.0.0) lib/action_dispatch/middleware/callbacks.rb:29:in `block in call'
  activesupport (4.0.0) lib/active_support/callbacks.rb:373:in `_run__121159373__call__callbacks'
  activesupport (4.0.0) lib/active_support/callbacks.rb:80:in `run_callbacks'
  actionpack (4.0.0) lib/action_dispatch/middleware/callbacks.rb:27:in `call'
  actionpack (4.0.0) lib/action_dispatch/middleware/reloader.rb:64:in `call'
  actionpack (4.0.0) lib/action_dispatch/middleware/remote_ip.rb:76:in `call'
  actionpack (4.0.0) lib/action_dispatch/middleware/debug_exceptions.rb:17:in `call'
  actionpack (4.0.0) lib/action_dispatch/middleware/show_exceptions.rb:30:in `call'
  railties (4.0.0) lib/rails/rack/logger.rb:38:in `call_app'
  railties (4.0.0) lib/rails/rack/logger.rb:21:in `block in call'
  activesupport (4.0.0) lib/active_support/tagged_logging.rb:67:in `block in tagged'
  activesupport (4.0.0) lib/active_support/tagged_logging.rb:25:in `tagged'
  activesupport (4.0.0) lib/active_support/tagged_logging.rb:67:in `tagged'
  railties (4.0.0) lib/rails/rack/logger.rb:21:in `call'
  actionpack (4.0.0) lib/action_dispatch/middleware/request_id.rb:21:in `call'
  rack (1.5.2) lib/rack/methodoverride.rb:21:in `call'
  rack (1.5.2) lib/rack/runtime.rb:17:in `call'
  activesupport (4.0.0) lib/active_support/cache/strategy/local_cache.rb:83:in `call'
  rack (1.5.2) lib/rack/lock.rb:17:in `call'
  actionpack (4.0.0) lib/action_dispatch/middleware/static.rb:64:in `call'
  railties (4.0.0) lib/rails/engine.rb:511:in `call'
  railties (4.0.0) lib/rails/application.rb:97:in `call'
  rack (1.5.2) lib/rack/lock.rb:17:in `call'
  rack (1.5.2) lib/rack/content_length.rb:14:in `call'
  rack (1.5.2) lib/rack/handler/webrick.rb:60:in `service'
  /home/k/.rubies/2.0.0-p0/lib/ruby/2.0.0/webrick/httpserver.rb:138:in `service'
  /home/k/.rubies/2.0.0-p0/lib/ruby/2.0.0/webrick/httpserver.rb:94:in `run'
  /home/k/.rubies/2.0.0-p0/lib/ruby/2.0.0/webrick/server.rb:295:in `block in start_thread'


  Rendered /home/k/.rubies/2.0.0-p0/lib/ruby/gems/2.0.0/gems/actionpack-4.0.0/lib/action_dispatch/middleware/templates/rescues/missing_template.erb within rescues/layout (1.4ms)


Started GET "/static_pages/about" for 127.0.0.1 at 2013-08-15 16:07:55 +0800
Processing by StaticPagesController#about as HTML
Completed 500 Internal Server Error in 5ms

ActionView::MissingTemplate (Missing template static_pages/about, application/about with {:locale=>[:en], :formats=>[:html], :handlers=>[:erb, :builder, :raw, :ruby, :jbuilder, :coffee]}. Searched in:
  * "/home/k/klsh/klsh.ru/app/views"
):
  actionpack (4.0.0) lib/action_view/path_set.rb:46:in `find'
  actionpack (4.0.0) lib/action_view/lookup_context.rb:115:in `find'
  actionpack (4.0.0) lib/action_view/renderer/abstract_renderer.rb:18:in `find_template'
  actionpack (4.0.0) lib/action_view/renderer/template_renderer.rb:35:in `determine_template'
  actionpack (4.0.0) lib/action_view/renderer/template_renderer.rb:8:in `render'
  actionpack (4.0.0) lib/action_view/renderer/renderer.rb:42:in `render_template'
  actionpack (4.0.0) lib/action_view/renderer/renderer.rb:23:in `render'
  actionpack (4.0.0) lib/abstract_controller/rendering.rb:127:in `_render_template'
  actionpack (4.0.0) lib/action_controller/metal/streaming.rb:219:in `_render_template'
  actionpack (4.0.0) lib/abstract_controller/rendering.rb:120:in `render_to_body'
  actionpack (4.0.0) lib/action_controller/metal/rendering.rb:33:in `render_to_body'
  actionpack (4.0.0) lib/action_controller/metal/renderers.rb:26:in `render_to_body'
  actionpack (4.0.0) lib/abstract_controller/rendering.rb:97:in `render'
  actionpack (4.0.0) lib/action_controller/metal/rendering.rb:16:in `render'
  actionpack (4.0.0) lib/action_controller/metal/instrumentation.rb:41:in `block (2 levels) in render'
  activesupport (4.0.0) lib/active_support/core_ext/benchmark.rb:12:in `block in ms'
  /home/k/.rubies/2.0.0-p0/lib/ruby/2.0.0/benchmark.rb:296:in `realtime'
  activesupport (4.0.0) lib/active_support/core_ext/benchmark.rb:12:in `ms'
  actionpack (4.0.0) lib/action_controller/metal/instrumentation.rb:41:in `block in render'
  actionpack (4.0.0) lib/action_controller/metal/instrumentation.rb:84:in `cleanup_view_runtime'
  activerecord (4.0.0) lib/active_record/railties/controller_runtime.rb:25:in `cleanup_view_runtime'
  actionpack (4.0.0) lib/action_controller/metal/instrumentation.rb:40:in `render'
  actionpack (4.0.0) lib/action_controller/metal/implicit_render.rb:10:in `default_render'
  actionpack (4.0.0) lib/action_controller/metal/implicit_render.rb:5:in `send_action'
  actionpack (4.0.0) lib/abstract_controller/base.rb:189:in `process_action'
  actionpack (4.0.0) lib/action_controller/metal/rendering.rb:10:in `process_action'
  actionpack (4.0.0) lib/abstract_controller/callbacks.rb:18:in `block in process_action'
  activesupport (4.0.0) lib/active_support/callbacks.rb:403:in `_run__809949530__process_action__callbacks'
  activesupport (4.0.0) lib/active_support/callbacks.rb:80:in `run_callbacks'
  actionpack (4.0.0) lib/abstract_controller/callbacks.rb:17:in `process_action'
  actionpack (4.0.0) lib/action_controller/metal/rescue.rb:29:in `process_action'
  actionpack (4.0.0) lib/action_controller/metal/instrumentation.rb:31:in `block in process_action'
  activesupport (4.0.0) lib/active_support/notifications.rb:159:in `block in instrument'
  activesupport (4.0.0) lib/active_support/notifications/instrumenter.rb:20:in `instrument'
  activesupport (4.0.0) lib/active_support/notifications.rb:159:in `instrument'
  actionpack (4.0.0) lib/action_controller/metal/instrumentation.rb:30:in `process_action'
  actionpack (4.0.0) lib/action_controller/metal/params_wrapper.rb:245:in `process_action'
  activerecord (4.0.0) lib/active_record/railties/controller_runtime.rb:18:in `process_action'
  actionpack (4.0.0) lib/abstract_controller/base.rb:136:in `process'
  actionpack (4.0.0) lib/abstract_controller/rendering.rb:44:in `process'
  actionpack (4.0.0) lib/action_controller/metal.rb:195:in `dispatch'
  actionpack (4.0.0) lib/action_controller/metal/rack_delegation.rb:13:in `dispatch'
  actionpack (4.0.0) lib/action_controller/metal.rb:231:in `block in action'
  actionpack (4.0.0) lib/action_dispatch/routing/route_set.rb:80:in `call'
  actionpack (4.0.0) lib/action_dispatch/routing/route_set.rb:80:in `dispatch'
  actionpack (4.0.0) lib/action_dispatch/routing/route_set.rb:48:in `call'
  actionpack (4.0.0) lib/action_dispatch/journey/router.rb:71:in `block in call'
  actionpack (4.0.0) lib/action_dispatch/journey/router.rb:59:in `each'
  actionpack (4.0.0) lib/action_dispatch/journey/router.rb:59:in `call'
  actionpack (4.0.0) lib/action_dispatch/routing/route_set.rb:655:in `call'
  rack (1.5.2) lib/rack/etag.rb:23:in `call'
  rack (1.5.2) lib/rack/conditionalget.rb:25:in `call'
  rack (1.5.2) lib/rack/head.rb:11:in `call'
  actionpack (4.0.0) lib/action_dispatch/middleware/params_parser.rb:27:in `call'
  actionpack (4.0.0) lib/action_dispatch/middleware/flash.rb:241:in `call'
  rack (1.5.2) lib/rack/session/abstract/id.rb:225:in `context'
  rack (1.5.2) lib/rack/session/abstract/id.rb:220:in `call'
  actionpack (4.0.0) lib/action_dispatch/middleware/cookies.rb:486:in `call'
  activerecord (4.0.0) lib/active_record/query_cache.rb:36:in `call'
  activerecord (4.0.0) lib/active_record/connection_adapters/abstract/connection_pool.rb:626:in `call'
  activerecord (4.0.0) lib/active_record/migration.rb:369:in `call'
  actionpack (4.0.0) lib/action_dispatch/middleware/callbacks.rb:29:in `block in call'
  activesupport (4.0.0) lib/active_support/callbacks.rb:373:in `_run__121159373__call__callbacks'
  activesupport (4.0.0) lib/active_support/callbacks.rb:80:in `run_callbacks'
  actionpack (4.0.0) lib/action_dispatch/middleware/callbacks.rb:27:in `call'
  actionpack (4.0.0) lib/action_dispatch/middleware/reloader.rb:64:in `call'
  actionpack (4.0.0) lib/action_dispatch/middleware/remote_ip.rb:76:in `call'
  actionpack (4.0.0) lib/action_dispatch/middleware/debug_exceptions.rb:17:in `call'
  actionpack (4.0.0) lib/action_dispatch/middleware/show_exceptions.rb:30:in `call'
  railties (4.0.0) lib/rails/rack/logger.rb:38:in `call_app'
  railties (4.0.0) lib/rails/rack/logger.rb:21:in `block in call'
  activesupport (4.0.0) lib/active_support/tagged_logging.rb:67:in `block in tagged'
  activesupport (4.0.0) lib/active_support/tagged_logging.rb:25:in `tagged'
  activesupport (4.0.0) lib/active_support/tagged_logging.rb:67:in `tagged'
  railties (4.0.0) lib/rails/rack/logger.rb:21:in `call'
  actionpack (4.0.0) lib/action_dispatch/middleware/request_id.rb:21:in `call'
  rack (1.5.2) lib/rack/methodoverride.rb:21:in `call'
  rack (1.5.2) lib/rack/runtime.rb:17:in `call'
  activesupport (4.0.0) lib/active_support/cache/strategy/local_cache.rb:83:in `call'
  rack (1.5.2) lib/rack/lock.rb:17:in `call'
  actionpack (4.0.0) lib/action_dispatch/middleware/static.rb:64:in `call'
  railties (4.0.0) lib/rails/engine.rb:511:in `call'
  railties (4.0.0) lib/rails/application.rb:97:in `call'
  rack (1.5.2) lib/rack/lock.rb:17:in `call'
  rack (1.5.2) lib/rack/content_length.rb:14:in `call'
  rack (1.5.2) lib/rack/handler/webrick.rb:60:in `service'
  /home/k/.rubies/2.0.0-p0/lib/ruby/2.0.0/webrick/httpserver.rb:138:in `service'
  /home/k/.rubies/2.0.0-p0/lib/ruby/2.0.0/webrick/httpserver.rb:94:in `run'
  /home/k/.rubies/2.0.0-p0/lib/ruby/2.0.0/webrick/server.rb:295:in `block in start_thread'


  Rendered /home/k/.rubies/2.0.0-p0/lib/ruby/gems/2.0.0/gems/actionpack-4.0.0/lib/action_dispatch/middleware/templates/rescues/missing_template.erb within rescues/layout (3.7ms)


Started GET "/static_pages/about" for 127.0.0.1 at 2013-08-15 16:09:07 +0800
Processing by StaticPagesController#about as HTML
  Rendered static_pages/about.html.erb within layouts/application (1.0ms)
Completed 200 OK in 13ms (Views: 11.8ms | ActiveRecord: 0.0ms)


Started GET "/assets/application.css?body=1" for 127.0.0.1 at 2013-08-15 16:09:07 +0800


Started GET "/assets/static_pages.css?body=1" for 127.0.0.1 at 2013-08-15 16:09:07 +0800


Started GET "/assets/jquery_ujs.js?body=1" for 127.0.0.1 at 2013-08-15 16:09:07 +0800


Started GET "/assets/jquery.js?body=1" for 127.0.0.1 at 2013-08-15 16:09:07 +0800


Started GET "/assets/turbolinks.js?body=1" for 127.0.0.1 at 2013-08-15 16:09:07 +0800


Started GET "/assets/static_pages.js?body=1" for 127.0.0.1 at 2013-08-15 16:09:07 +0800


Started GET "/assets/application.js?body=1" for 127.0.0.1 at 2013-08-15 16:09:07 +0800


Started GET "/static_pages/home" for 127.0.0.1 at 2013-08-15 18:16:09 +0800
Processing by StaticPagesController#home as HTML
  Rendered static_pages/home.html.erb within layouts/application (0.3ms)
Completed 200 OK in 14ms (Views: 12.9ms | ActiveRecord: 0.0ms)


Started GET "/assets/static_pages.css?body=1" for 127.0.0.1 at 2013-08-15 18:16:10 +0800


Started GET "/assets/jquery_ujs.js?body=1" for 127.0.0.1 at 2013-08-15 18:16:10 +0800


Started GET "/assets/application.css?body=1" for 127.0.0.1 at 2013-08-15 18:16:10 +0800


Started GET "/assets/jquery.js?body=1" for 127.0.0.1 at 2013-08-15 18:16:10 +0800


Started GET "/assets/turbolinks.js?body=1" for 127.0.0.1 at 2013-08-15 18:16:10 +0800


Started GET "/assets/static_pages.js?body=1" for 127.0.0.1 at 2013-08-15 18:16:10 +0800


Started GET "/assets/application.js?body=1" for 127.0.0.1 at 2013-08-15 18:16:10 +0800


Started GET "/static_pages/about" for 127.0.0.1 at 2013-08-15 18:21:25 +0800
Processing by StaticPagesController#about as HTML
  Rendered static_pages/about.html.erb within layouts/application (1.6ms)
Completed 200 OK in 16ms (Views: 15.3ms | ActiveRecord: 0.0ms)


Started GET "/assets/application.css?body=1" for 127.0.0.1 at 2013-08-15 18:21:25 +0800


Started GET "/assets/static_pages.css?body=1" for 127.0.0.1 at 2013-08-15 18:21:25 +0800


Started GET "/assets/jquery.js?body=1" for 127.0.0.1 at 2013-08-15 18:21:25 +0800


Started GET "/assets/jquery_ujs.js?body=1" for 127.0.0.1 at 2013-08-15 18:21:25 +0800


Started GET "/assets/turbolinks.js?body=1" for 127.0.0.1 at 2013-08-15 18:21:25 +0800


Started GET "/assets/static_pages.js?body=1" for 127.0.0.1 at 2013-08-15 18:21:25 +0800


Started GET "/assets/application.js?body=1" for 127.0.0.1 at 2013-08-15 18:21:25 +0800


Started GET "/" for 127.0.0.1 at 2013-08-15 18:21:53 +0800
Processing by Rails::WelcomeController#index as HTML
  Rendered /home/k/.rubies/2.0.0-p0/lib/ruby/gems/2.0.0/gems/railties-4.0.0/lib/rails/templates/rails/welcome/index.html.erb (0.2ms)
Completed 200 OK in 128ms (Views: 125.9ms | ActiveRecord: 0.0ms)


Started GET "/static_pages/home" for 127.0.0.1 at 2013-08-15 18:24:08 +0800
Processing by StaticPagesController#home as HTML
  Rendered static_pages/home.html.erb within layouts/application (0.1ms)
Completed 200 OK in 11ms (Views: 9.9ms | ActiveRecord: 0.0ms)


Started GET "/assets/application.css?body=1" for 127.0.0.1 at 2013-08-15 18:24:08 +0800


Started GET "/assets/jquery.js?body=1" for 127.0.0.1 at 2013-08-15 18:24:08 +0800


Started GET "/assets/turbolinks.js?body=1" for 127.0.0.1 at 2013-08-15 18:24:08 +0800


Started GET "/assets/jquery_ujs.js?body=1" for 127.0.0.1 at 2013-08-15 18:24:08 +0800


Started GET "/assets/static_pages.js?body=1" for 127.0.0.1 at 2013-08-15 18:24:08 +0800


Started GET "/assets/static_pages.css?body=1" for 127.0.0.1 at 2013-08-15 18:24:08 +0800


Started GET "/assets/application.js?body=1" for 127.0.0.1 at 2013-08-15 18:24:08 +0800


Started GET "/static_pages/about" for 127.0.0.1 at 2013-08-15 18:24:10 +0800
Processing by StaticPagesController#about as HTML
  Rendered static_pages/about.html.erb within layouts/application (0.1ms)
Completed 200 OK in 11ms (Views: 9.7ms | ActiveRecord: 0.0ms)


Started GET "/assets/application.css?body=1" for 127.0.0.1 at 2013-08-15 18:24:10 +0800


Started GET "/assets/static_pages.css?body=1" for 127.0.0.1 at 2013-08-15 18:24:10 +0800


Started GET "/assets/jquery_ujs.js?body=1" for 127.0.0.1 at 2013-08-15 18:24:10 +0800


Started GET "/assets/static_pages.js?body=1" for 127.0.0.1 at 2013-08-15 18:24:10 +0800


Started GET "/assets/jquery.js?body=1" for 127.0.0.1 at 2013-08-15 18:24:10 +0800


Started GET "/assets/turbolinks.js?body=1" for 127.0.0.1 at 2013-08-15 18:24:10 +0800


Started GET "/assets/application.js?body=1" for 127.0.0.1 at 2013-08-15 18:24:10 +0800


Started GET "/static_pages/contacts" for 127.0.0.1 at 2013-08-15 18:33:46 +0800
Processing by StaticPagesController#contacts as HTML
  Rendered static_pages/contacts.html.erb within layouts/application (2.0ms)
Completed 200 OK in 19ms (Views: 17.7ms | ActiveRecord: 0.0ms)


Started GET "/assets/static_pages.css?body=1" for 127.0.0.1 at 2013-08-15 18:33:46 +0800


Started GET "/assets/application.css?body=1" for 127.0.0.1 at 2013-08-15 18:33:46 +0800


Started GET "/assets/jquery.js?body=1" for 127.0.0.1 at 2013-08-15 18:33:46 +0800


Started GET "/assets/turbolinks.js?body=1" for 127.0.0.1 at 2013-08-15 18:33:46 +0800


Started GET "/assets/jquery_ujs.js?body=1" for 127.0.0.1 at 2013-08-15 18:33:46 +0800


Started GET "/assets/static_pages.js?body=1" for 127.0.0.1 at 2013-08-15 18:33:46 +0800


Started GET "/assets/application.js?body=1" for 127.0.0.1 at 2013-08-15 18:33:46 +0800


Started GET "/static_pages/contacts" for 127.0.0.1 at 2013-08-15 18:39:09 +0800
Processing by StaticPagesController#contacts as HTML
  Rendered static_pages/contacts.html.erb within layouts/application (0.1ms)
Completed 200 OK in 14ms (Views: 12.9ms | ActiveRecord: 0.0ms)


Started GET "/assets/application.css?body=1" for 127.0.0.1 at 2013-08-15 18:39:09 +0800


Started GET "/assets/static_pages.css?body=1" for 127.0.0.1 at 2013-08-15 18:39:09 +0800


Started GET "/assets/jquery_ujs.js?body=1" for 127.0.0.1 at 2013-08-15 18:39:09 +0800


Started GET "/assets/turbolinks.js?body=1" for 127.0.0.1 at 2013-08-15 18:39:09 +0800


Started GET "/assets/static_pages.js?body=1" for 127.0.0.1 at 2013-08-15 18:39:09 +0800


Started GET "/assets/jquery.js?body=1" for 127.0.0.1 at 2013-08-15 18:39:09 +0800


Started GET "/assets/application.js?body=1" for 127.0.0.1 at 2013-08-15 18:39:09 +0800


Started GET "/static_pages/home" for 127.0.0.1 at 2013-08-15 18:39:15 +0800
Processing by StaticPagesController#home as HTML
  Rendered static_pages/home.html.erb within layouts/application (1.0ms)
Completed 200 OK in 13ms (Views: 11.6ms | ActiveRecord: 0.0ms)


Started GET "/assets/application.css?body=1" for 127.0.0.1 at 2013-08-15 18:39:15 +0800


Started GET "/assets/static_pages.css?body=1" for 127.0.0.1 at 2013-08-15 18:39:15 +0800


Started GET "/assets/jquery.js?body=1" for 127.0.0.1 at 2013-08-15 18:39:15 +0800


Started GET "/assets/static_pages.js?body=1" for 127.0.0.1 at 2013-08-15 18:39:15 +0800


Started GET "/assets/jquery_ujs.js?body=1" for 127.0.0.1 at 2013-08-15 18:39:15 +0800


Started GET "/assets/application.js?body=1" for 127.0.0.1 at 2013-08-15 18:39:15 +0800


Started GET "/assets/turbolinks.js?body=1" for 127.0.0.1 at 2013-08-15 18:39:15 +0800


Started GET "/static_pages/home" for 127.0.0.1 at 2013-08-15 18:39:19 +0800
Processing by StaticPagesController#home as HTML
  Rendered static_pages/home.html.erb within layouts/application (0.1ms)
Completed 200 OK in 15ms (Views: 13.4ms | ActiveRecord: 0.0ms)


Started GET "/assets/application.css?body=1" for 127.0.0.1 at 2013-08-15 18:39:19 +0800


Started GET "/assets/jquery.js?body=1" for 127.0.0.1 at 2013-08-15 18:39:20 +0800


Started GET "/assets/turbolinks.js?body=1" for 127.0.0.1 at 2013-08-15 18:39:20 +0800


Started GET "/assets/static_pages.js?body=1" for 127.0.0.1 at 2013-08-15 18:39:20 +0800


Started GET "/assets/application.js?body=1" for 127.0.0.1 at 2013-08-15 18:39:20 +0800


Started GET "/assets/static_pages.css?body=1" for 127.0.0.1 at 2013-08-15 18:39:20 +0800


Started GET "/assets/jquery_ujs.js?body=1" for 127.0.0.1 at 2013-08-15 18:39:20 +0800


Started GET "/static_pages/home" for 127.0.0.1 at 2013-08-15 18:39:20 +0800
Processing by StaticPagesController#home as HTML
  Rendered static_pages/home.html.erb within layouts/application (0.2ms)
Completed 200 OK in 15ms (Views: 13.1ms | ActiveRecord: 0.0ms)


Started GET "/assets/application.css?body=1" for 127.0.0.1 at 2013-08-15 18:39:20 +0800


Started GET "/assets/jquery_ujs.js?body=1" for 127.0.0.1 at 2013-08-15 18:39:21 +0800


Started GET "/assets/static_pages.js?body=1" for 127.0.0.1 at 2013-08-15 18:39:21 +0800


Started GET "/assets/jquery.js?body=1" for 127.0.0.1 at 2013-08-15 18:39:21 +0800


Started GET "/assets/turbolinks.js?body=1" for 127.0.0.1 at 2013-08-15 18:39:21 +0800


Started GET "/assets/static_pages.css?body=1" for 127.0.0.1 at 2013-08-15 18:39:21 +0800


Started GET "/assets/application.js?body=1" for 127.0.0.1 at 2013-08-15 18:39:21 +0800


Started GET "/static_pages/home" for 127.0.0.1 at 2013-08-15 18:39:24 +0800
Processing by StaticPagesController#home as HTML
  Rendered static_pages/home.html.erb within layouts/application (1.1ms)
Completed 200 OK in 13ms (Views: 11.8ms | ActiveRecord: 0.0ms)


Started GET "/assets/application.css?body=1" for 127.0.0.1 at 2013-08-15 18:39:24 +0800


Started GET "/assets/static_pages.css?body=1" for 127.0.0.1 at 2013-08-15 18:39:24 +0800


Started GET "/assets/jquery.js?body=1" for 127.0.0.1 at 2013-08-15 18:39:24 +0800


Started GET "/assets/application.js?body=1" for 127.0.0.1 at 2013-08-15 18:39:24 +0800


Started GET "/assets/turbolinks.js?body=1" for 127.0.0.1 at 2013-08-15 18:39:24 +0800


Started GET "/assets/jquery_ujs.js?body=1" for 127.0.0.1 at 2013-08-15 18:39:24 +0800


Started GET "/assets/static_pages.js?body=1" for 127.0.0.1 at 2013-08-15 18:39:24 +0800


Started GET "/static_pages/home" for 127.0.0.1 at 2013-08-15 18:39:36 +0800
Processing by StaticPagesController#home as HTML
  Rendered static_pages/home.html.erb within layouts/application (1.2ms)
Completed 200 OK in 13ms (Views: 11.6ms | ActiveRecord: 0.0ms)


Started GET "/assets/application.css?body=1" for 127.0.0.1 at 2013-08-15 18:39:36 +0800


Started GET "/assets/static_pages.css?body=1" for 127.0.0.1 at 2013-08-15 18:39:36 +0800


Started GET "/assets/jquery.js?body=1" for 127.0.0.1 at 2013-08-15 18:39:36 +0800


Started GET "/assets/jquery_ujs.js?body=1" for 127.0.0.1 at 2013-08-15 18:39:36 +0800


Started GET "/assets/turbolinks.js?body=1" for 127.0.0.1 at 2013-08-15 18:39:36 +0800


Started GET "/assets/application.js?body=1" for 127.0.0.1 at 2013-08-15 18:39:36 +0800


Started GET "/assets/static_pages.js?body=1" for 127.0.0.1 at 2013-08-15 18:39:36 +0800


Started GET "/static_pages/home" for 127.0.0.1 at 2013-08-15 19:19:43 +0800
Processing by StaticPagesController#home as HTML
  Rendered static_pages/home.html.erb within layouts/application (1.0ms)
Completed 200 OK in 27ms (Views: 26.0ms | ActiveRecord: 0.0ms)


Started GET "/assets/static_pages.css?body=1" for 127.0.0.1 at 2013-08-15 19:19:43 +0800


Started GET "/assets/application.css?body=1" for 127.0.0.1 at 2013-08-15 19:19:43 +0800


Started GET "/assets/jquery.js?body=1" for 127.0.0.1 at 2013-08-15 19:19:43 +0800


Started GET "/assets/turbolinks.js?body=1" for 127.0.0.1 at 2013-08-15 19:19:43 +0800


Started GET "/assets/jquery_ujs.js?body=1" for 127.0.0.1 at 2013-08-15 19:19:43 +0800


Started GET "/assets/static_pages.js?body=1" for 127.0.0.1 at 2013-08-15 19:19:43 +0800


Started GET "/assets/application.js?body=1" for 127.0.0.1 at 2013-08-15 19:19:43 +0800


Started GET "/static_pages/" for 127.0.0.1 at 2013-08-15 19:19:48 +0800

ActionController::RoutingError (No route matches [GET] "/static_pages"):
  actionpack (4.0.0) lib/action_dispatch/middleware/debug_exceptions.rb:21:in `call'
  actionpack (4.0.0) lib/action_dispatch/middleware/show_exceptions.rb:30:in `call'
  railties (4.0.0) lib/rails/rack/logger.rb:38:in `call_app'
  railties (4.0.0) lib/rails/rack/logger.rb:21:in `block in call'
  activesupport (4.0.0) lib/active_support/tagged_logging.rb:67:in `block in tagged'
  activesupport (4.0.0) lib/active_support/tagged_logging.rb:25:in `tagged'
  activesupport (4.0.0) lib/active_support/tagged_logging.rb:67:in `tagged'
  railties (4.0.0) lib/rails/rack/logger.rb:21:in `call'
  actionpack (4.0.0) lib/action_dispatch/middleware/request_id.rb:21:in `call'
  rack (1.5.2) lib/rack/methodoverride.rb:21:in `call'
  rack (1.5.2) lib/rack/runtime.rb:17:in `call'
  activesupport (4.0.0) lib/active_support/cache/strategy/local_cache.rb:83:in `call'
  rack (1.5.2) lib/rack/lock.rb:17:in `call'
  actionpack (4.0.0) lib/action_dispatch/middleware/static.rb:64:in `call'
  railties (4.0.0) lib/rails/engine.rb:511:in `call'
  railties (4.0.0) lib/rails/application.rb:97:in `call'
  rack (1.5.2) lib/rack/lock.rb:17:in `call'
  rack (1.5.2) lib/rack/content_length.rb:14:in `call'
  rack (1.5.2) lib/rack/handler/webrick.rb:60:in `service'
  /home/k/.rubies/2.0.0-p0/lib/ruby/2.0.0/webrick/httpserver.rb:138:in `service'
  /home/k/.rubies/2.0.0-p0/lib/ruby/2.0.0/webrick/httpserver.rb:94:in `run'
  /home/k/.rubies/2.0.0-p0/lib/ruby/2.0.0/webrick/server.rb:295:in `block in start_thread'


  Rendered /home/k/.rubies/2.0.0-p0/lib/ruby/gems/2.0.0/gems/actionpack-4.0.0/lib/action_dispatch/middleware/templates/rescues/_trace.erb (6.0ms)
  Rendered /home/k/.rubies/2.0.0-p0/lib/ruby/gems/2.0.0/gems/actionpack-4.0.0/lib/action_dispatch/middleware/templates/routes/_route.html.erb (2.4ms)
  Rendered /home/k/.rubies/2.0.0-p0/lib/ruby/gems/2.0.0/gems/actionpack-4.0.0/lib/action_dispatch/middleware/templates/routes/_table.html.erb (33.5ms)
  Rendered /home/k/.rubies/2.0.0-p0/lib/ruby/gems/2.0.0/gems/actionpack-4.0.0/lib/action_dispatch/middleware/templates/rescues/routing_error.erb within rescues/layout (248.7ms)


Started GET "/static_pages/home" for 127.0.0.1 at 2013-08-15 19:19:56 +0800
Processing by StaticPagesController#home as HTML
  Rendered static_pages/home.html.erb within layouts/application (0.2ms)
Completed 200 OK in 15ms (Views: 13.3ms | ActiveRecord: 0.0ms)


Started GET "/assets/application.css?body=1" for 127.0.0.1 at 2013-08-15 19:19:56 +0800


Started GET "/assets/static_pages.css?body=1" for 127.0.0.1 at 2013-08-15 19:19:56 +0800


Started GET "/assets/jquery_ujs.js?body=1" for 127.0.0.1 at 2013-08-15 19:19:56 +0800


Started GET "/assets/jquery.js?body=1" for 127.0.0.1 at 2013-08-15 19:19:57 +0800


Started GET "/assets/turbolinks.js?body=1" for 127.0.0.1 at 2013-08-15 19:19:57 +0800


Started GET "/assets/static_pages.js?body=1" for 127.0.0.1 at 2013-08-15 19:19:57 +0800


Started GET "/assets/application.js?body=1" for 127.0.0.1 at 2013-08-15 19:19:57 +0800


Started GET "/static_pages/home" for 127.0.0.1 at 2013-08-15 19:20:13 +0800
Processing by StaticPagesController#home as HTML
  Rendered static_pages/home.html.erb within layouts/application (0.1ms)
Completed 200 OK in 11ms (Views: 10.4ms | ActiveRecord: 0.0ms)


Started GET "/assets/application.css?body=1" for 127.0.0.1 at 2013-08-15 19:20:13 +0800


Started GET "/assets/jquery_ujs.js?body=1" for 127.0.0.1 at 2013-08-15 19:20:13 +0800


Started GET "/assets/static_pages.js?body=1" for 127.0.0.1 at 2013-08-15 19:20:13 +0800


Started GET "/assets/jquery.js?body=1" for 127.0.0.1 at 2013-08-15 19:20:13 +0800


Started GET "/assets/turbolinks.js?body=1" for 127.0.0.1 at 2013-08-15 19:20:13 +0800


Started GET "/assets/static_pages.css?body=1" for 127.0.0.1 at 2013-08-15 19:20:13 +0800


Started GET "/assets/application.js?body=1" for 127.0.0.1 at 2013-08-15 19:20:13 +0800


Started GET "/static_pages/home" for 127.0.0.1 at 2013-08-15 19:20:32 +0800
Processing by StaticPagesController#home as HTML
  Rendered static_pages/home.html.erb within layouts/application (1.0ms)
Completed 200 OK in 13ms (Views: 11.3ms | ActiveRecord: 0.0ms)


Started GET "/assets/application.css?body=1" for 127.0.0.1 at 2013-08-15 19:20:32 +0800


Started GET "/assets/static_pages.css?body=1" for 127.0.0.1 at 2013-08-15 19:20:32 +0800


Started GET "/assets/turbolinks.js?body=1" for 127.0.0.1 at 2013-08-15 19:20:32 +0800


Started GET "/assets/jquery_ujs.js?body=1" for 127.0.0.1 at 2013-08-15 19:20:32 +0800


Started GET "/assets/jquery.js?body=1" for 127.0.0.1 at 2013-08-15 19:20:32 +0800


Started GET "/assets/application.js?body=1" for 127.0.0.1 at 2013-08-15 19:20:32 +0800


Started GET "/assets/static_pages.js?body=1" for 127.0.0.1 at 2013-08-15 19:20:32 +0800


Started GET "/static_pages/home" for 127.0.0.1 at 2013-08-15 19:20:49 +0800
Processing by StaticPagesController#home as HTML
  Rendered static_pages/home.html.erb within layouts/application (0.2ms)
Completed 200 OK in 15ms (Views: 13.5ms | ActiveRecord: 0.0ms)


Started GET "/assets/application.css?body=1" for 127.0.0.1 at 2013-08-15 19:20:50 +0800


Started GET "/assets/jquery.js?body=1" for 127.0.0.1 at 2013-08-15 19:20:50 +0800


Started GET "/assets/jquery_ujs.js?body=1" for 127.0.0.1 at 2013-08-15 19:20:50 +0800


Started GET "/assets/static_pages.js?body=1" for 127.0.0.1 at 2013-08-15 19:20:50 +0800


Started GET "/assets/turbolinks.js?body=1" for 127.0.0.1 at 2013-08-15 19:20:50 +0800


Started GET "/assets/static_pages.css?body=1" for 127.0.0.1 at 2013-08-15 19:20:50 +0800


Started GET "/assets/application.js?body=1" for 127.0.0.1 at 2013-08-15 19:20:50 +0800


Started GET "/static_pages/home" for 127.0.0.1 at 2013-08-15 19:21:16 +0800
Processing by StaticPagesController#home as HTML
  Rendered static_pages/home.html.erb within layouts/application (3.2ms)
Completed 200 OK in 330ms (Views: 327.5ms | ActiveRecord: 0.0ms)


Started GET "/assets/application.css?body=1" for 127.0.0.1 at 2013-08-15 19:21:18 +0800


Started GET "/assets/turbolinks.js?body=1" for 127.0.0.1 at 2013-08-15 19:21:18 +0800


Started GET "/assets/static_pages.js?body=1" for 127.0.0.1 at 2013-08-15 19:21:18 +0800


Started GET "/assets/jquery.js?body=1" for 127.0.0.1 at 2013-08-15 19:21:18 +0800


Started GET "/assets/static_pages.css?body=1" for 127.0.0.1 at 2013-08-15 19:21:18 +0800


Started GET "/assets/jquery_ujs.js?body=1" for 127.0.0.1 at 2013-08-15 19:21:18 +0800


Started GET "/assets/application.js?body=1" for 127.0.0.1 at 2013-08-15 19:21:18 +0800


Started GET "/static_pages/about" for 127.0.0.1 at 2013-08-15 19:21:53 +0800
Processing by StaticPagesController#about as HTML
  Rendered static_pages/about.html.erb within layouts/application (1.0ms)
Completed 200 OK in 13ms (Views: 11.7ms | ActiveRecord: 0.0ms)


Started GET "/assets/application.css?body=1" for 127.0.0.1 at 2013-08-15 19:21:53 +0800


Started GET "/assets/jquery.js?body=1" for 127.0.0.1 at 2013-08-15 19:21:53 +0800


Started GET "/assets/jquery_ujs.js?body=1" for 127.0.0.1 at 2013-08-15 19:21:53 +0800


Started GET "/assets/turbolinks.js?body=1" for 127.0.0.1 at 2013-08-15 19:21:53 +0800


Started GET "/assets/static_pages.css?body=1" for 127.0.0.1 at 2013-08-15 19:21:53 +0800


Started GET "/assets/static_pages.js?body=1" for 127.0.0.1 at 2013-08-15 19:21:53 +0800


Started GET "/assets/application.js?body=1" for 127.0.0.1 at 2013-08-15 19:21:53 +0800


Started GET "/" for 127.0.0.1 at 2013-08-15 19:24:15 +0800
Processing by Rails::WelcomeController#index as HTML
  Rendered /home/k/.rubies/2.0.0-p0/lib/ruby/gems/2.0.0/gems/railties-4.0.0/lib/rails/templates/rails/welcome/index.html.erb (20.5ms)
Completed 200 OK in 53ms (Views: 51.1ms | ActiveRecord: 0.0ms)


Started GET "/home" for 127.0.0.1 at 2013-08-15 19:24:24 +0800

ActionController::RoutingError (No route matches [GET] "/home"):
  actionpack (4.0.0) lib/action_dispatch/middleware/debug_exceptions.rb:21:in `call'
  actionpack (4.0.0) lib/action_dispatch/middleware/show_exceptions.rb:30:in `call'
  railties (4.0.0) lib/rails/rack/logger.rb:38:in `call_app'
  railties (4.0.0) lib/rails/rack/logger.rb:21:in `block in call'
  activesupport (4.0.0) lib/active_support/tagged_logging.rb:67:in `block in tagged'
  activesupport (4.0.0) lib/active_support/tagged_logging.rb:25:in `tagged'
  activesupport (4.0.0) lib/active_support/tagged_logging.rb:67:in `tagged'
  railties (4.0.0) lib/rails/rack/logger.rb:21:in `call'
  actionpack (4.0.0) lib/action_dispatch/middleware/request_id.rb:21:in `call'
  rack (1.5.2) lib/rack/methodoverride.rb:21:in `call'
  rack (1.5.2) lib/rack/runtime.rb:17:in `call'
  activesupport (4.0.0) lib/active_support/cache/strategy/local_cache.rb:83:in `call'
  rack (1.5.2) lib/rack/lock.rb:17:in `call'
  actionpack (4.0.0) lib/action_dispatch/middleware/static.rb:64:in `call'
  railties (4.0.0) lib/rails/engine.rb:511:in `call'
  railties (4.0.0) lib/rails/application.rb:97:in `call'
  rack (1.5.2) lib/rack/lock.rb:17:in `call'
  rack (1.5.2) lib/rack/content_length.rb:14:in `call'
  rack (1.5.2) lib/rack/handler/webrick.rb:60:in `service'
  /home/k/.rubies/2.0.0-p0/lib/ruby/2.0.0/webrick/httpserver.rb:138:in `service'
  /home/k/.rubies/2.0.0-p0/lib/ruby/2.0.0/webrick/httpserver.rb:94:in `run'
  /home/k/.rubies/2.0.0-p0/lib/ruby/2.0.0/webrick/server.rb:295:in `block in start_thread'


  Rendered /home/k/.rubies/2.0.0-p0/lib/ruby/gems/2.0.0/gems/actionpack-4.0.0/lib/action_dispatch/middleware/templates/rescues/_trace.erb (3.4ms)
  Rendered /home/k/.rubies/2.0.0-p0/lib/ruby/gems/2.0.0/gems/actionpack-4.0.0/lib/action_dispatch/middleware/templates/routes/_route.html.erb (4.3ms)
  Rendered /home/k/.rubies/2.0.0-p0/lib/ruby/gems/2.0.0/gems/actionpack-4.0.0/lib/action_dispatch/middleware/templates/routes/_table.html.erb (12.5ms)
  Rendered /home/k/.rubies/2.0.0-p0/lib/ruby/gems/2.0.0/gems/actionpack-4.0.0/lib/action_dispatch/middleware/templates/rescues/routing_error.erb within rescues/layout (96.0ms)


Started GET "/static_pages/home" for 127.0.0.1 at 2013-08-15 19:24:46 +0800
Processing by StaticPagesController#home as HTML
  Rendered static_pages/home.html.erb within layouts/application (0.2ms)
Completed 200 OK in 69ms (Views: 67.5ms | ActiveRecord: 0.0ms)


Started GET "/assets/application.css?body=1" for 127.0.0.1 at 2013-08-15 19:24:47 +0800


Started GET "/assets/static_pages.css?body=1" for 127.0.0.1 at 2013-08-15 19:24:47 +0800


Started GET "/assets/jquery.js?body=1" for 127.0.0.1 at 2013-08-15 19:24:47 +0800


Started GET "/assets/application.js?body=1" for 127.0.0.1 at 2013-08-15 19:24:47 +0800


Started GET "/assets/turbolinks.js?body=1" for 127.0.0.1 at 2013-08-15 19:24:47 +0800


Started GET "/assets/jquery_ujs.js?body=1" for 127.0.0.1 at 2013-08-15 19:24:47 +0800


Started GET "/assets/static_pages.js?body=1" for 127.0.0.1 at 2013-08-15 19:24:47 +0800


Started GET "/static_pages/home" for 127.0.0.1 at 2013-08-15 19:25:08 +0800
Processing by StaticPagesController#home as HTML
  Rendered static_pages/home.html.erb within layouts/application (0.1ms)
Completed 200 OK in 11ms (Views: 9.8ms | ActiveRecord: 0.0ms)


Started GET "/assets/static_pages.css?body=1" for 127.0.0.1 at 2013-08-15 19:25:09 +0800


Started GET "/assets/application.js?body=1" for 127.0.0.1 at 2013-08-15 19:25:09 +0800


Started GET "/assets/static_pages.js?body=1" for 127.0.0.1 at 2013-08-15 19:25:09 +0800


Started GET "/assets/jquery_ujs.js?body=1" for 127.0.0.1 at 2013-08-15 19:25:09 +0800


Started GET "/assets/jquery.js?body=1" for 127.0.0.1 at 2013-08-15 19:25:09 +0800


Started GET "/assets/turbolinks.js?body=1" for 127.0.0.1 at 2013-08-15 19:25:09 +0800


Started GET "/assets/application.css?body=1" for 127.0.0.1 at 2013-08-15 19:25:09 +0800


Started GET "/static_pages/home" for 127.0.0.1 at 2013-08-15 19:25:58 +0800
Processing by StaticPagesController#home as HTML
  Rendered static_pages/home.html.erb within layouts/application (1.1ms)
Completed 200 OK in 84ms (Views: 83.0ms | ActiveRecord: 0.0ms)


Started GET "/assets/static_pages.css?body=1" for 127.0.0.1 at 2013-08-15 19:25:59 +0800


Started GET "/assets/jquery.js?body=1" for 127.0.0.1 at 2013-08-15 19:25:59 +0800


Started GET "/assets/application.css?body=1" for 127.0.0.1 at 2013-08-15 19:25:59 +0800


Started GET "/assets/application.js?body=1" for 127.0.0.1 at 2013-08-15 19:25:59 +0800


Started GET "/assets/turbolinks.js?body=1" for 127.0.0.1 at 2013-08-15 19:25:59 +0800


Started GET "/assets/static_pages.js?body=1" for 127.0.0.1 at 2013-08-15 19:25:59 +0800


Started GET "/assets/jquery_ujs.js?body=1" for 127.0.0.1 at 2013-08-15 19:25:59 +0800


Started GET "/static_pages/home" for 127.0.0.1 at 2013-08-15 22:16:08 +0800
Processing by StaticPagesController#home as HTML
  Rendered static_pages/home.html.erb within layouts/application (57.2ms)
Completed 200 OK in 154ms (Views: 151.7ms | ActiveRecord: 0.0ms)


Started GET "/assets/jquery_ujs.js?body=1" for 127.0.0.1 at 2013-08-15 22:16:10 +0800


Started GET "/assets/turbolinks.js?body=1" for 127.0.0.1 at 2013-08-15 22:16:10 +0800


Started GET "/assets/application.js?body=1" for 127.0.0.1 at 2013-08-15 22:16:10 +0800


Started GET "/assets/jquery.js?body=1" for 127.0.0.1 at 2013-08-15 22:16:10 +0800


Started GET "/assets/application.css?body=1" for 127.0.0.1 at 2013-08-15 22:16:10 +0800


Started GET "/assets/static_pages.js?body=1" for 127.0.0.1 at 2013-08-15 22:16:10 +0800


Started GET "/assets/static_pages.css?body=1" for 127.0.0.1 at 2013-08-15 22:16:10 +0800


Started GET "/static_pages/home" for 127.0.0.1 at 2013-08-15 22:22:07 +0800
Processing by StaticPagesController#home as HTML
  Rendered static_pages/home.html.erb within layouts/application (0.2ms)
Completed 200 OK in 7ms (Views: 5.3ms | ActiveRecord: 0.0ms)


Started GET "/static_pages/home" for 127.0.0.1 at 2013-08-15 22:22:12 +0800
Processing by StaticPagesController#home as HTML
  Rendered static_pages/home.html.erb within layouts/application (0.2ms)
Completed 200 OK in 5ms (Views: 4.1ms | ActiveRecord: 0.0ms)


Started GET "/static_pages/home" for 127.0.0.1 at 2013-08-15 22:22:24 +0800
Processing by StaticPagesController#home as HTML
  Rendered static_pages/home.html.erb within layouts/application (0.1ms)
Completed 200 OK in 5ms (Views: 3.8ms | ActiveRecord: 0.0ms)


Started GET "/static_pages/home" for 127.0.0.1 at 2013-08-15 22:22:26 +0800
Processing by StaticPagesController#home as HTML
  Rendered static_pages/home.html.erb within layouts/application (0.1ms)
Completed 200 OK in 9ms (Views: 7.4ms | ActiveRecord: 0.0ms)


Started GET "/static_pages/home" for 127.0.0.1 at 2013-08-15 22:22:33 +0800
Processing by StaticPagesController#home as HTML
  Rendered static_pages/home.html.erb within layouts/application (0.2ms)
Completed 200 OK in 16ms (Views: 14.5ms | ActiveRecord: 0.0ms)


Started GET "/assets/static_pages.css?body=1" for 127.0.0.1 at 2013-08-15 22:22:33 +0800


Started GET "/assets/application.css?body=1" for 127.0.0.1 at 2013-08-15 22:22:33 +0800


Started GET "/assets/jquery.js?body=1" for 127.0.0.1 at 2013-08-15 22:22:33 +0800


Started GET "/assets/jquery_ujs.js?body=1" for 127.0.0.1 at 2013-08-15 22:22:33 +0800


Started GET "/assets/application.js?body=1" for 127.0.0.1 at 2013-08-15 22:22:33 +0800


Started GET "/assets/static_pages.js?body=1" for 127.0.0.1 at 2013-08-15 22:22:33 +0800


Started GET "/assets/turbolinks.js?body=1" for 127.0.0.1 at 2013-08-15 22:22:33 +0800


Started GET "/static_pages/home" for 127.0.0.1 at 2013-08-15 22:26:53 +0800
Processing by StaticPagesController#home as HTML
  Rendered static_pages/home.html.erb within layouts/application (1.5ms)
Completed 200 OK in 17ms (Views: 15.1ms | ActiveRecord: 0.0ms)


Started GET "/assets/jquery.js?body=1" for 127.0.0.1 at 2013-08-15 22:26:53 +0800


Started GET "/assets/application.css?body=1" for 127.0.0.1 at 2013-08-15 22:26:53 +0800


Started GET "/assets/static_pages.css?body=1" for 127.0.0.1 at 2013-08-15 22:26:53 +0800


Started GET "/assets/jquery_ujs.js?body=1" for 127.0.0.1 at 2013-08-15 22:26:53 +0800


Started GET "/assets/turbolinks.js?body=1" for 127.0.0.1 at 2013-08-15 22:26:53 +0800


Started GET "/assets/static_pages.js?body=1" for 127.0.0.1 at 2013-08-15 22:26:53 +0800


Started GET "/assets/application.js?body=1" for 127.0.0.1 at 2013-08-15 22:26:53 +0800


Started GET "/static_pages/contacts" for 127.0.0.1 at 2013-08-15 22:29:24 +0800
Processing by StaticPagesController#contacts as HTML
  Rendered static_pages/contacts.html.erb within layouts/application (2.3ms)
Completed 200 OK in 38ms (Views: 36.9ms | ActiveRecord: 0.0ms)


Started GET "/assets/application.css?body=1" for 127.0.0.1 at 2013-08-15 22:29:24 +0800


Started GET "/assets/jquery_ujs.js?body=1" for 127.0.0.1 at 2013-08-15 22:29:24 +0800


Started GET "/assets/static_pages.css?body=1" for 127.0.0.1 at 2013-08-15 22:29:24 +0800


Started GET "/assets/static_pages.js?body=1" for 127.0.0.1 at 2013-08-15 22:29:25 +0800


Started GET "/assets/turbolinks.js?body=1" for 127.0.0.1 at 2013-08-15 22:29:25 +0800


Started GET "/assets/jquery.js?body=1" for 127.0.0.1 at 2013-08-15 22:29:25 +0800


Started GET "/assets/application.js?body=1" for 127.0.0.1 at 2013-08-15 22:29:25 +0800


Started GET "/static_pages/contacts" for 127.0.0.1 at 2013-08-15 22:29:30 +0800
Processing by StaticPagesController#contacts as HTML
  Rendered static_pages/contacts.html.erb within layouts/application (0.2ms)
Completed 200 OK in 14ms (Views: 12.7ms | ActiveRecord: 0.0ms)


Started GET "/assets/application.css?body=1" for 127.0.0.1 at 2013-08-15 22:29:30 +0800


Started GET "/assets/jquery_ujs.js?body=1" for 127.0.0.1 at 2013-08-15 22:29:30 +0800


Started GET "/assets/static_pages.css?body=1" for 127.0.0.1 at 2013-08-15 22:29:30 +0800


Started GET "/assets/jquery.js?body=1" for 127.0.0.1 at 2013-08-15 22:29:30 +0800


Started GET "/assets/turbolinks.js?body=1" for 127.0.0.1 at 2013-08-15 22:29:30 +0800


Started GET "/assets/static_pages.js?body=1" for 127.0.0.1 at 2013-08-15 22:29:31 +0800


Started GET "/assets/application.js?body=1" for 127.0.0.1 at 2013-08-15 22:29:31 +0800


Started GET "/static_pages/contacts" for 127.0.0.1 at 2013-08-15 22:30:44 +0800
Processing by StaticPagesController#contacts as HTML
  Rendered static_pages/contacts.html.erb within layouts/application (0.1ms)
Completed 200 OK in 16ms (Views: 15.0ms | ActiveRecord: 0.0ms)


Started GET "/assets/application.css?body=1" for 127.0.0.1 at 2013-08-15 22:30:44 +0800


Started GET "/assets/jquery.js?body=1" for 127.0.0.1 at 2013-08-15 22:30:44 +0800


Started GET "/assets/static_pages.js?body=1" for 127.0.0.1 at 2013-08-15 22:30:44 +0800


Started GET "/assets/turbolinks.js?body=1" for 127.0.0.1 at 2013-08-15 22:30:44 +0800


Started GET "/assets/jquery_ujs.js?body=1" for 127.0.0.1 at 2013-08-15 22:30:44 +0800


Started GET "/assets/application.js?body=1" for 127.0.0.1 at 2013-08-15 22:30:44 +0800


Started GET "/assets/static_pages.css?body=1" for 127.0.0.1 at 2013-08-15 22:30:44 +0800


Started GET "/static_pages/contacts" for 127.0.0.1 at 2013-08-15 22:30:45 +0800
Processing by StaticPagesController#contacts as HTML
  Rendered static_pages/contacts.html.erb within layouts/application (0.2ms)
Completed 200 OK in 17ms (Views: 15.5ms | ActiveRecord: 0.0ms)


Started GET "/assets/application.css?body=1" for 127.0.0.1 at 2013-08-15 22:30:45 +0800


Started GET "/assets/static_pages.css?body=1" for 127.0.0.1 at 2013-08-15 22:30:45 +0800


Started GET "/assets/jquery.js?body=1" for 127.0.0.1 at 2013-08-15 22:30:45 +0800


Started GET "/assets/turbolinks.js?body=1" for 127.0.0.1 at 2013-08-15 22:30:45 +0800


Started GET "/assets/jquery_ujs.js?body=1" for 127.0.0.1 at 2013-08-15 22:30:45 +0800


Started GET "/assets/static_pages.js?body=1" for 127.0.0.1 at 2013-08-15 22:30:45 +0800


Started GET "/assets/application.js?body=1" for 127.0.0.1 at 2013-08-15 22:30:45 +0800


Started GET "/static_pages/contacts" for 127.0.0.1 at 2013-08-15 22:30:49 +0800
Processing by StaticPagesController#contacts as HTML
  Rendered static_pages/contacts.html.erb within layouts/application (0.1ms)
Completed 200 OK in 11ms (Views: 9.9ms | ActiveRecord: 0.0ms)


Started GET "/assets/application.css?body=1" for 127.0.0.1 at 2013-08-15 22:30:49 +0800


Started GET "/assets/static_pages.css?body=1" for 127.0.0.1 at 2013-08-15 22:30:49 +0800


Started GET "/assets/jquery.js?body=1" for 127.0.0.1 at 2013-08-15 22:30:49 +0800


Started GET "/assets/turbolinks.js?body=1" for 127.0.0.1 at 2013-08-15 22:30:49 +0800


Started GET "/assets/jquery_ujs.js?body=1" for 127.0.0.1 at 2013-08-15 22:30:49 +0800


Started GET "/assets/static_pages.js?body=1" for 127.0.0.1 at 2013-08-15 22:30:49 +0800


Started GET "/assets/application.js?body=1" for 127.0.0.1 at 2013-08-15 22:30:49 +0800


Started GET "/static_pages/contacts" for 127.0.0.1 at 2013-08-15 22:30:55 +0800
Processing by StaticPagesController#contacts as HTML
  Rendered static_pages/contacts.html.erb within layouts/application (0.1ms)
Completed 200 OK in 11ms (Views: 10.2ms | ActiveRecord: 0.0ms)


Started GET "/assets/application.css?body=1" for 127.0.0.1 at 2013-08-15 22:30:55 +0800


Started GET "/assets/static_pages.css?body=1" for 127.0.0.1 at 2013-08-15 22:30:55 +0800


Started GET "/assets/jquery.js?body=1" for 127.0.0.1 at 2013-08-15 22:30:55 +0800


Started GET "/assets/static_pages.js?body=1" for 127.0.0.1 at 2013-08-15 22:30:56 +0800


Started GET "/assets/jquery_ujs.js?body=1" for 127.0.0.1 at 2013-08-15 22:30:56 +0800


Started GET "/assets/turbolinks.js?body=1" for 127.0.0.1 at 2013-08-15 22:30:56 +0800


Started GET "/assets/application.js?body=1" for 127.0.0.1 at 2013-08-15 22:30:56 +0800


Started GET "/static_pages/contacts" for 127.0.0.1 at 2013-08-15 22:30:56 +0800
Processing by StaticPagesController#contacts as HTML
  Rendered static_pages/contacts.html.erb within layouts/application (0.1ms)
Completed 200 OK in 13ms (Views: 12.2ms | ActiveRecord: 0.0ms)


Started GET "/assets/application.css?body=1" for 127.0.0.1 at 2013-08-15 22:30:56 +0800


Started GET "/assets/static_pages.css?body=1" for 127.0.0.1 at 2013-08-15 22:30:56 +0800


Started GET "/assets/jquery.js?body=1" for 127.0.0.1 at 2013-08-15 22:30:57 +0800


Started GET "/assets/turbolinks.js?body=1" for 127.0.0.1 at 2013-08-15 22:30:57 +0800


Started GET "/assets/jquery_ujs.js?body=1" for 127.0.0.1 at 2013-08-15 22:30:57 +0800


Started GET "/assets/application.js?body=1" for 127.0.0.1 at 2013-08-15 22:30:57 +0800


Started GET "/assets/static_pages.js?body=1" for 127.0.0.1 at 2013-08-15 22:30:57 +0800


Started GET "/static_pages/home" for 127.0.0.1 at 2013-08-15 22:32:11 +0800
Processing by StaticPagesController#home as HTML
  Rendered static_pages/home.html.erb within layouts/application (0.2ms)
Completed 200 OK in 11ms (Views: 9.8ms | ActiveRecord: 0.0ms)


Started GET "/assets/jquery_ujs.js?body=1" for 127.0.0.1 at 2013-08-15 22:32:11 +0800


Started GET "/assets/jquery.js?body=1" for 127.0.0.1 at 2013-08-15 22:32:11 +0800


Started GET "/assets/turbolinks.js?body=1" for 127.0.0.1 at 2013-08-15 22:32:11 +0800


Started GET "/assets/static_pages.js?body=1" for 127.0.0.1 at 2013-08-15 22:32:11 +0800


Started GET "/assets/static_pages.css?body=1" for 127.0.0.1 at 2013-08-15 22:32:11 +0800


Started GET "/assets/application.css?body=1" for 127.0.0.1 at 2013-08-15 22:32:11 +0800


Started GET "/assets/application.js?body=1" for 127.0.0.1 at 2013-08-15 22:32:11 +0800


Started GET "/static_pages/home" for 127.0.0.1 at 2013-08-15 22:32:22 +0800
Processing by StaticPagesController#home as HTML
  Rendered static_pages/home.html.erb within layouts/application (1.5ms)
Completed 200 OK in 17ms (Views: 16.2ms | ActiveRecord: 0.0ms)


Started GET "/assets/application.css?body=1" for 127.0.0.1 at 2013-08-15 22:32:22 +0800


Started GET "/assets/static_pages.css?body=1" for 127.0.0.1 at 2013-08-15 22:32:22 +0800


Started GET "/assets/jquery.js?body=1" for 127.0.0.1 at 2013-08-15 22:32:22 +0800


Started GET "/assets/turbolinks.js?body=1" for 127.0.0.1 at 2013-08-15 22:32:22 +0800


Started GET "/assets/application.js?body=1" for 127.0.0.1 at 2013-08-15 22:32:22 +0800


Started GET "/assets/jquery_ujs.js?body=1" for 127.0.0.1 at 2013-08-15 22:32:22 +0800


Started GET "/assets/static_pages.js?body=1" for 127.0.0.1 at 2013-08-15 22:32:22 +0800


Started GET "/static_pages/contacts" for 127.0.0.1 at 2013-08-15 22:34:14 +0800
Processing by StaticPagesController#contacts as HTML
  Rendered static_pages/contacts.html.erb within layouts/application (0.2ms)
Completed 200 OK in 12ms (Views: 10.7ms | ActiveRecord: 0.0ms)


Started GET "/assets/jquery_ujs.js?body=1" for 127.0.0.1 at 2013-08-15 22:34:15 +0800


Started GET "/assets/jquery.js?body=1" for 127.0.0.1 at 2013-08-15 22:34:15 +0800


Started GET "/assets/static_pages.css?body=1" for 127.0.0.1 at 2013-08-15 22:34:15 +0800


Started GET "/assets/turbolinks.js?body=1" for 127.0.0.1 at 2013-08-15 22:34:15 +0800


Started GET "/assets/application.css?body=1" for 127.0.0.1 at 2013-08-15 22:34:15 +0800


Started GET "/assets/static_pages.js?body=1" for 127.0.0.1 at 2013-08-15 22:34:15 +0800


Started GET "/assets/application.js?body=1" for 127.0.0.1 at 2013-08-15 22:34:15 +0800


Started GET "/static_pages/about" for 127.0.0.1 at 2013-08-15 22:34:32 +0800
Processing by StaticPagesController#about as HTML
  Rendered static_pages/about.html.erb within layouts/application (1.2ms)
Completed 200 OK in 14ms (Views: 12.5ms | ActiveRecord: 0.0ms)


Started GET "/assets/application.css?body=1" for 127.0.0.1 at 2013-08-15 22:34:32 +0800


Started GET "/assets/static_pages.css?body=1" for 127.0.0.1 at 2013-08-15 22:34:32 +0800


Started GET "/assets/jquery.js?body=1" for 127.0.0.1 at 2013-08-15 22:34:32 +0800


Started GET "/assets/static_pages.js?body=1" for 127.0.0.1 at 2013-08-15 22:34:32 +0800


Started GET "/assets/jquery_ujs.js?body=1" for 127.0.0.1 at 2013-08-15 22:34:32 +0800


Started GET "/assets/turbolinks.js?body=1" for 127.0.0.1 at 2013-08-15 22:34:32 +0800


Started GET "/assets/application.js?body=1" for 127.0.0.1 at 2013-08-15 22:34:32 +0800


Started GET "/static_pages/about" for 127.0.0.1 at 2013-08-15 22:34:40 +0800
Processing by StaticPagesController#about as HTML
  Rendered static_pages/about.html.erb within layouts/application (1.4ms)
Completed 200 OK in 18ms (Views: 14.5ms | ActiveRecord: 0.0ms)


Started GET "/assets/application.css?body=1" for 127.0.0.1 at 2013-08-15 22:34:41 +0800


Started GET "/assets/static_pages.css?body=1" for 127.0.0.1 at 2013-08-15 22:34:41 +0800


Started GET "/assets/jquery.js?body=1" for 127.0.0.1 at 2013-08-15 22:34:41 +0800


Started GET "/assets/jquery_ujs.js?body=1" for 127.0.0.1 at 2013-08-15 22:34:41 +0800


Started GET "/assets/turbolinks.js?body=1" for 127.0.0.1 at 2013-08-15 22:34:41 +0800


Started GET "/assets/application.js?body=1" for 127.0.0.1 at 2013-08-15 22:34:41 +0800


Started GET "/assets/static_pages.js?body=1" for 127.0.0.1 at 2013-08-15 22:34:41 +0800


Started GET "/static_pages/about" for 127.0.0.1 at 2013-08-15 22:35:52 +0800
Processing by StaticPagesController#about as HTML
  Rendered static_pages/about.html.erb within layouts/application (0.2ms)
Completed 200 OK in 12ms (Views: 10.8ms | ActiveRecord: 0.0ms)


Started GET "/assets/application.css?body=1" for 127.0.0.1 at 2013-08-15 22:35:52 +0800


Started GET "/assets/static_pages.css?body=1" for 127.0.0.1 at 2013-08-15 22:35:52 +0800


Started GET "/assets/jquery.js?body=1" for 127.0.0.1 at 2013-08-15 22:35:52 +0800


Started GET "/assets/turbolinks.js?body=1" for 127.0.0.1 at 2013-08-15 22:35:52 +0800


Started GET "/assets/static_pages.js?body=1" for 127.0.0.1 at 2013-08-15 22:35:52 +0800


Started GET "/assets/application.js?body=1" for 127.0.0.1 at 2013-08-15 22:35:52 +0800


Started GET "/assets/jquery_ujs.js?body=1" for 127.0.0.1 at 2013-08-15 22:35:52 +0800


Started GET "/static_pages/contacts" for 127.0.0.1 at 2013-08-15 22:38:10 +0800
Processing by StaticPagesController#contacts as HTML
  Rendered static_pages/contacts.html.erb within layouts/application (1.2ms)
Completed 200 OK in 15ms (Views: 13.7ms | ActiveRecord: 0.0ms)


Started GET "/assets/application.css?body=1" for 127.0.0.1 at 2013-08-15 22:38:10 +0800


Started GET "/assets/jquery.js?body=1" for 127.0.0.1 at 2013-08-15 22:38:10 +0800


Started GET "/assets/turbolinks.js?body=1" for 127.0.0.1 at 2013-08-15 22:38:10 +0800


Started GET "/assets/static_pages.js?body=1" for 127.0.0.1 at 2013-08-15 22:38:10 +0800


Started GET "/assets/jquery_ujs.js?body=1" for 127.0.0.1 at 2013-08-15 22:38:10 +0800


Started GET "/assets/static_pages.css?body=1" for 127.0.0.1 at 2013-08-15 22:38:10 +0800


Started GET "/assets/application.js?body=1" for 127.0.0.1 at 2013-08-15 22:38:10 +0800
